<?xml version="1.0" encoding="UTF-8"?>
<!-- Generated by org.testng.reporters.JUnitReportReporter -->
<testsuite hostname="arjuna" failures="0" tests="1" name="testpackage.GoToTopTrying" time="0.209" errors="0" timestamp="2024-06-14T20:30:47 IST" skipped="0">
  <testcase classname="testpackage.GoToTopTrying" name="mytry" time="0.209"/>
  <system-out/>
</testsuite> <!-- testpackage.GoToTopTrying -->
