<?xml version="1.0" encoding="UTF-8"?>
<!-- Generated by org.testng.reporters.JUnitReportReporter -->
<testsuite hostname="arjuna" failures="0" tests="5" name="testpackage.MainLoginTest" time="11.414" errors="0" timestamp="2024-06-14T20:20:10 IST" skipped="0">
  <testcase classname="testpackage.MainLoginTest" name="testlogo" time="0.072"/>
  <system-out/>
  <testcase classname="testpackage.MainLoginTest" name="logintest" time="0.734"/>
  <system-out/>
  <testcase classname="testpackage.MainLoginTest" name="verifytitle" time="0.027"/>
  <system-out/>
  <testcase classname="testpackage.MainLoginTest" name="forgotpasswordlink" time="0.051"/>
  <system-out/>
  <testcase classname="testpackage.MainLoginTest" name="links" time="10.530"/>
  <system-out/>
</testsuite> <!-- testpackage.MainLoginTest -->
