<?xml version="1.0" encoding="UTF-8"?>
<!-- Generated by org.testng.reporters.JUnitReportReporter -->
<testsuite hostname="arjuna" failures="0" tests="1" name="testpackage.MainRegistration" time="1.538" errors="0" timestamp="2024-06-14T11:20:30 IST" skipped="0">
  <testcase classname="testpackage.MainRegistration" name="firsttest" time="1.538"/>
  <system-out/>
</testsuite> <!-- testpackage.MainRegistration -->
